<?xml version="1.0" encoding="UTF-8"?>
<testsuite xmlns:xsi="http://www.w3.org/2001/XMLSchema-instance" xsi:noNamespaceSchemaLocation="https://maven.apache.org/surefire/maven-surefire-plugin/xsd/surefire-test-report.xsd" version="3.0.2" name="com.example.datachecking.infrastructure.engine.MarketingDecisionEngineTest" time="0.817" tests="8" errors="0" skipped="0" failures="0">
  <properties>
[...]
</properties>
  <testcase name="testExecute_withNullSceneCode_returnsReject" classname="com.example.datachecking.infrastructure.engine.MarketingDecisionEngineTest" time="0.74">
    <system-err><![CDATA[Mockito is currently self-attaching to enable the inline-mock-maker. This will no longer work in future releases of the JDK. Please add Mockito as an agent to your build as described in Mockito's documentation: https://javadoc.io/doc/org.mockito/mockito-core/latest/org.mockito/org/mockito/Mockito.html#0.3
WARNING: A Java agent has been loaded dynamically (/home/ketao/.m2/repository/net/bytebuddy/byte-buddy-agent/1.17.8/byte-buddy-agent-1.17.8.jar)
WARNING: If a serviceability tool is in use, please run with -XX:+EnableDynamicAgentLoading to hide this warning
WARNING: If a serviceability tool is not in use, please run with -Djdk.instrument.traceUsage for more information
WARNING: Dynamic loading of agents will be disallowed by default in a future release
]]></system-err>
  </testcase>
  <testcase name="testExecute_withLowUid_returnsReject" classname="com.example.datachecking.infrastructure.engine.MarketingDecisionEngineTest" time="0.028"/>
  <testcase name="testExecute_withNoRules_returnsReject" classname="com.example.datachecking.infrastructure.engine.MarketingDecisionEngineTest" time="0.004"/>
  <testcase name="testExecute_withValidScene_returnsPass" classname="com.example.datachecking.infrastructure.engine.MarketingDecisionEngineTest" time="0.005"/>
  <testcase name="testExecute_withMultipleRules_usesFirstMatch" classname="com.example.datachecking.infrastructure.engine.MarketingDecisionEngineTest" time="0.004"/>
  <testcase name="testExecute_withDisabledRule_skipsRule" classname="com.example.datachecking.infrastructure.engine.MarketingDecisionEngineTest" time="0.002"/>
  <testcase name="testExecute_withSpelExpression_returnsCorrectResult" classname="com.example.datachecking.infrastructure.engine.MarketingDecisionEngineTest" time="0.003"/>
  <testcase name="testExecute_measureProcessTime" classname="com.example.datachecking.infrastructure.engine.MarketingDecisionEngineTest" time="0.002"/>
</testsuite>